None
host: juju-5f1f7b-4
Building DAG of jobs...
SLURM run ID: ee4a65a5-582f-42b6-a7d1-a6b2408376fd
Using shell: /usr/bin/bash
Provided remote nodes: 10
Job stats:
job           count
----------  -------
all               1
preprocess        1
total             2

Select jobs to execute...
Execute 1 jobs...
[Fri Jun  6 21:12:48 2025]
rule preprocess:
    input: data/raw_data.txt
    output: results/processed_data.txt
    jobid: 1
    reason: Missing output files: results/processed_data.txt
    resources: mem_mb=1000, mem_mib=954, disk_mb=1000, disk_mib=954, tmpdir=<TBD>, threads=2
Shell command: awk '{print toupper($0)}' data/raw_data.txt > results/processed_data.txt
No SLURM account given, trying to guess.
Unable to guess SLURM account. Trying to proceed without.
No wall time information given. This might or might not work on your cluster. If not, specify the resource runtime in your rule or as a reasonable default via --default-resources.
Job 1 has been submitted with SLURM jobid 3 (log: /home/johndoe/snakemake_slurm_example/.snakemake/slurm_logs/rule_preprocess/3.log).
Terminating processes on user request, this might take some time.
